13:32:09.601 [main] INFO  tests.JobPosting - clicked on Login link on the home page..
13:32:09.636 [main] INFO  tests.JobPosting - **** Finished doLoginTest  ****
12:23:25.761 [main] INFO  tests.InternshipPosting - **** Starting doLoginTest  ****
12:23:25.767 [main] DEBUG tests.InternshipPosting - capturing application debug logs....
12:23:25.770 [main] INFO  tests.InternshipPosting - **** Starting doLoginTest  ****
12:23:25.770 [main] DEBUG tests.InternshipPosting - capturing application debug logs....
12:24:59.062 [main] INFO  tests.InternshipPosting - **** Starting doLoginTest  ****
12:24:59.066 [main] DEBUG tests.InternshipPosting - capturing application debug logs....
12:24:59.067 [main] INFO  tests.InternshipPosting - **** Starting doLoginTest  ****
12:24:59.130 [main] DEBUG tests.InternshipPosting - capturing application debug logs....
12:25:42.148 [main] INFO  tests.InternshipPosting - clicked on Login link on the home page..
12:25:42.149 [main] INFO  tests.InternshipPosting - **** Finished doLoginTest  ****
17:18:44.771 [main] INFO  tests.JobPosting - **** Starting doLoginTest  ****
17:18:44.774 [main] DEBUG tests.JobPosting - capturing application debug logs....
17:18:44.849 [main] INFO  tests.JobPosting - **** Starting doLoginTest  ****
17:18:44.850 [main] DEBUG tests.JobPosting - capturing application debug logs....
17:19:32.070 [main] INFO  tests.JobPosting - clicked on Login link on the home page..
17:19:32.070 [main] INFO  tests.JobPosting - **** Finished doLoginTest  ****
17:20:24.896 [main] INFO  tests.InternshipPosting - **** Starting doLoginTest  ****
17:20:24.897 [main] DEBUG tests.InternshipPosting - capturing application debug logs....
17:20:24.897 [main] INFO  tests.InternshipPosting - **** Starting doLoginTest  ****
17:20:24.897 [main] DEBUG tests.InternshipPosting - capturing application debug logs....
17:21:03.233 [main] INFO  tests.InternshipPosting - clicked on Login link on the home page..
17:21:03.233 [main] INFO  tests.InternshipPosting - **** Finished doLoginTest  ****
17:23:41.173 [main] INFO  tests.JobPosting - **** Starting doLoginTest  ****
17:23:41.183 [main] DEBUG tests.JobPosting - capturing application debug logs....
17:23:41.230 [main] INFO  tests.JobPosting - **** Starting doLoginTest  ****
17:23:41.230 [main] DEBUG tests.JobPosting - capturing application debug logs....
17:24:23.017 [main] INFO  tests.JobPosting - clicked on Login link on the home page..
17:24:23.018 [main] INFO  tests.JobPosting - **** Finished doLoginTest  ****
17:26:07.770 [main] INFO  tests.JobPosting - **** Starting doLoginTest  ****
17:26:07.784 [main] DEBUG tests.JobPosting - capturing application debug logs....
17:26:07.786 [main] INFO  tests.JobPosting - **** Starting doLoginTest  ****
17:26:07.786 [main] DEBUG tests.JobPosting - capturing application debug logs....
17:26:44.816 [main] INFO  tests.JobPosting - clicked on Login link on the home page..
17:26:44.826 [main] INFO  tests.JobPosting - **** Finished doLoginTest  ****
17:34:59.189 [main] INFO  tests.InternshipPosting - **** Starting doLoginTest  ****
17:34:59.197 [main] DEBUG tests.InternshipPosting - capturing application debug logs....
17:34:59.201 [main] INFO  tests.InternshipPosting - **** Starting doLoginTest  ****
17:34:59.201 [main] DEBUG tests.InternshipPosting - capturing application debug logs....
17:36:43.917 [main] INFO  tests.InternshipPosting - **** Starting doLoginTest  ****
17:36:43.922 [main] DEBUG tests.InternshipPosting - capturing application debug logs....
17:36:43.924 [main] INFO  tests.InternshipPosting - **** Starting doLoginTest  ****
17:36:43.924 [main] DEBUG tests.InternshipPosting - capturing application debug logs....
17:37:29.150 [main] INFO  tests.InternshipPosting - clicked on Login link on the home page..
17:37:29.156 [main] INFO  tests.InternshipPosting - **** Finished doLoginTest  ****
18:36:12.817 [main] INFO  tests.HomeJobSearchAndApplyTest - **** Starting jobSearchTest  ****
18:36:12.991 [main] DEBUG tests.HomeJobSearchAndApplyTest - capturing application debug logs....
18:36:37.392 [main] INFO  tests.HomeJobSearchAndApplyTest - clicked on Login link on the home page..
18:36:37.392 [main] INFO  tests.HomeJobSearchAndApplyTest - **** Finished doLoginTest  ****
18:39:25.725 [main] INFO  tests.EndToEndTest - **** Starting doLoginTest  ****
18:39:25.729 [main] DEBUG tests.EndToEndTest - capturing application debug logs....
18:40:04.480 [main] INFO  tests.EndToEndTest - clicked on Login link on the home page..
18:40:04.480 [main] INFO  tests.EndToEndTest - **** Finished doLoginTest  ****
13:21:25.866 [main] INFO  tests.EndToEndTest - **** Starting doLoginTest  ****
13:21:25.883 [main] DEBUG tests.EndToEndTest - capturing application debug logs....
13:23:12.366 [main] INFO  tests.EndToEndTest - **** Starting doLoginTest  ****
13:23:12.372 [main] DEBUG tests.EndToEndTest - capturing application debug logs....
13:23:47.867 [main] INFO  tests.EndToEndTest - clicked on Login link on the home page..
