15:03:36.582 [main] DEBUG tests.InternshipPosting - capturing application debug logs....
15:03:36.701 [main] INFO  tests.InternshipPosting - **** Starting doLoginTest  ****
15:03:36.701 [main] DEBUG tests.InternshipPosting - capturing application debug logs....
15:04:15.317 [main] INFO  tests.InternshipPosting - clicked on Login link on the home page..
15:04:15.317 [main] INFO  tests.InternshipPosting - **** Finished doLoginTest  ****
15:05:32.160 [main] INFO  tests.InternshipPosting - **** Starting doLoginTest  ****
15:05:32.170 [main] DEBUG tests.InternshipPosting - capturing application debug logs....
15:05:32.172 [main] INFO  tests.InternshipPosting - **** Starting doLoginTest  ****
15:05:32.172 [main] DEBUG tests.InternshipPosting - capturing application debug logs....
15:07:23.880 [main] INFO  tests.InternshipPosting - **** Starting doLoginTest  ****
15:07:23.885 [main] DEBUG tests.InternshipPosting - capturing application debug logs....
15:07:23.886 [main] INFO  tests.InternshipPosting - **** Starting doLoginTest  ****
15:07:23.886 [main] DEBUG tests.InternshipPosting - capturing application debug logs....
15:08:20.789 [main] INFO  tests.InternshipPosting - **** Starting doLoginTest  ****
15:08:20.797 [main] DEBUG tests.InternshipPosting - capturing application debug logs....
15:08:20.799 [main] INFO  tests.InternshipPosting - **** Starting doLoginTest  ****
15:08:20.799 [main] DEBUG tests.InternshipPosting - capturing application debug logs....
15:09:43.989 [main] INFO  tests.InternshipPosting - **** Starting doLoginTest  ****
15:09:43.995 [main] DEBUG tests.InternshipPosting - capturing application debug logs....
15:09:43.998 [main] INFO  tests.InternshipPosting - **** Starting doLoginTest  ****
15:09:43.998 [main] DEBUG tests.InternshipPosting - capturing application debug logs....
15:10:13.196 [main] INFO  tests.InternshipPosting - clicked on Login link on the home page..
15:10:13.196 [main] INFO  tests.InternshipPosting - **** Finished doLoginTest  ****
15:23:47.565 [main] INFO  tests.InternshipPosting - **** Starting doLoginTest  ****
15:23:47.569 [main] DEBUG tests.InternshipPosting - capturing application debug logs....
15:23:47.574 [main] INFO  tests.InternshipPosting - **** Starting doLoginTest  ****
15:23:47.574 [main] DEBUG tests.InternshipPosting - capturing application debug logs....
15:24:20.824 [main] INFO  tests.InternshipPosting - clicked on Login link on the home page..
15:24:20.824 [main] INFO  tests.InternshipPosting - **** Finished doLoginTest  ****
15:26:21.856 [main] INFO  tests.InternshipPosting - **** Starting doLoginTest  ****
15:26:21.863 [main] DEBUG tests.InternshipPosting - capturing application debug logs....
15:26:21.866 [main] INFO  tests.InternshipPosting - **** Starting doLoginTest  ****
15:26:21.866 [main] DEBUG tests.InternshipPosting - capturing application debug logs....
15:26:47.895 [main] INFO  tests.InternshipPosting - clicked on Login link on the home page..
15:26:47.895 [main] INFO  tests.InternshipPosting - **** Finished doLoginTest  ****
15:41:18.787 [main] INFO  tests.InternshipPosting - **** Starting doLoginTest  ****
15:41:18.793 [main] DEBUG tests.InternshipPosting - capturing application debug logs....
15:41:18.797 [main] INFO  tests.InternshipPosting - **** Starting doLoginTest  ****
15:41:18.798 [main] DEBUG tests.InternshipPosting - capturing application debug logs....
15:41:48.559 [main] INFO  tests.InternshipPosting - clicked on Login link on the home page..
15:41:48.562 [main] INFO  tests.InternshipPosting - **** Finished doLoginTest  ****
15:50:49.214 [main] INFO  tests.EndToEndTest - **** Starting doLoginTest  ****
15:50:49.219 [main] DEBUG tests.EndToEndTest - capturing application debug logs....
15:51:16.613 [main] INFO  tests.EndToEndTest - clicked on Login link on the home page..
15:51:16.614 [main] INFO  tests.EndToEndTest - **** Finished doLoginTest  ****
15:51:31.068 [main] INFO  tests.JobPosting - **** Starting doLoginTest  ****
15:51:31.075 [main] DEBUG tests.JobPosting - capturing application debug logs....
15:51:31.075 [main] INFO  tests.JobPosting - **** Starting doLoginTest  ****
15:51:31.075 [main] DEBUG tests.JobPosting - capturing application debug logs....
15:52:01.677 [main] INFO  tests.JobPosting - clicked on Login link on the home page..
15:52:01.679 [main] INFO  tests.JobPosting - **** Finished doLoginTest  ****
15:53:24.221 [main] INFO  tests.HomeJobSearchAndApplyTest - **** Starting jobSearchTest  ****
15:53:24.221 [main] DEBUG tests.HomeJobSearchAndApplyTest - capturing application debug logs....
15:53:40.904 [main] INFO  tests.HomeJobSearchAndApplyTest - clicked on Login link on the home page..
15:53:40.904 [main] INFO  tests.HomeJobSearchAndApplyTest - **** Finished doLoginTest  ****
15:54:43.585 [main] INFO  tests.InternshipPosting - **** Starting doLoginTest  ****
15:54:43.585 [main] DEBUG tests.InternshipPosting - capturing application debug logs....
15:54:43.585 [main] INFO  tests.InternshipPosting - **** Starting doLoginTest  ****
