15:54:43.585 [main] DEBUG tests.InternshipPosting - capturing application debug logs....
15:57:58.513 [main] INFO  tests.JobPosting - **** Starting doLoginTest  ****
15:57:58.523 [main] DEBUG tests.JobPosting - capturing application debug logs....
15:57:58.525 [main] INFO  tests.JobPosting - **** Starting doLoginTest  ****
15:57:58.525 [main] DEBUG tests.JobPosting - capturing application debug logs....
15:58:25.521 [main] INFO  tests.JobPosting - clicked on Login link on the home page..
15:58:25.521 [main] INFO  tests.JobPosting - **** Finished doLoginTest  ****
15:59:02.387 [main] INFO  tests.HomeJobSearchAndApplyTest - **** Starting jobSearchTest  ****
15:59:02.387 [main] DEBUG tests.HomeJobSearchAndApplyTest - capturing application debug logs....
16:01:05.639 [main] INFO  tests.JobPosting - **** Starting doLoginTest  ****
16:01:05.647 [main] DEBUG tests.JobPosting - capturing application debug logs....
16:01:05.655 [main] INFO  tests.JobPosting - **** Starting doLoginTest  ****
16:01:05.655 [main] DEBUG tests.JobPosting - capturing application debug logs....
16:03:52.860 [main] INFO  tests.HomeJobSearchAndApplyTest - **** Starting jobSearchTest  ****
16:03:52.873 [main] DEBUG tests.HomeJobSearchAndApplyTest - capturing application debug logs....
16:04:09.617 [main] INFO  tests.HomeJobSearchAndApplyTest - clicked on Login link on the home page..
16:04:09.618 [main] INFO  tests.HomeJobSearchAndApplyTest - **** Finished doLoginTest  ****
16:05:14.502 [main] INFO  tests.InternshipPosting - **** Starting doLoginTest  ****
16:05:14.502 [main] DEBUG tests.InternshipPosting - capturing application debug logs....
16:05:14.504 [main] INFO  tests.InternshipPosting - **** Starting doLoginTest  ****
16:05:14.504 [main] DEBUG tests.InternshipPosting - capturing application debug logs....
16:05:44.391 [main] INFO  tests.InternshipPosting - clicked on Login link on the home page..
16:05:44.391 [main] INFO  tests.InternshipPosting - **** Finished doLoginTest  ****
16:07:05.000 [main] INFO  tests.JobPosting - **** Starting doLoginTest  ****
16:07:05.008 [main] DEBUG tests.JobPosting - capturing application debug logs....
16:07:05.016 [main] INFO  tests.JobPosting - **** Starting doLoginTest  ****
16:07:05.017 [main] DEBUG tests.JobPosting - capturing application debug logs....
16:07:39.059 [main] INFO  tests.JobPosting - clicked on Login link on the home page..
16:07:39.060 [main] INFO  tests.JobPosting - **** Finished doLoginTest  ****
16:08:59.709 [main] INFO  tests.HomeJobSearchAndApplyTest - **** Starting jobSearchTest  ****
16:08:59.709 [main] DEBUG tests.HomeJobSearchAndApplyTest - capturing application debug logs....
16:09:16.380 [main] INFO  tests.HomeJobSearchAndApplyTest - clicked on Login link on the home page..
16:09:16.380 [main] INFO  tests.HomeJobSearchAndApplyTest - **** Finished doLoginTest  ****
16:10:25.537 [main] INFO  tests.InternshipPosting - **** Starting doLoginTest  ****
16:10:25.538 [main] DEBUG tests.InternshipPosting - capturing application debug logs....
16:10:25.538 [main] INFO  tests.InternshipPosting - **** Starting doLoginTest  ****
16:10:25.538 [main] DEBUG tests.InternshipPosting - capturing application debug logs....
16:11:03.255 [main] INFO  tests.InternshipPosting - clicked on Login link on the home page..
16:11:03.255 [main] INFO  tests.InternshipPosting - **** Finished doLoginTest  ****
16:43:36.888 [main] INFO  tests.JobPosting - **** Starting doLoginTest  ****
16:43:37.003 [main] DEBUG tests.JobPosting - capturing application debug logs....
16:43:37.005 [main] INFO  tests.JobPosting - **** Starting doLoginTest  ****
16:43:37.005 [main] DEBUG tests.JobPosting - capturing application debug logs....
16:46:13.999 [main] INFO  tests.InternshipPosting - **** Starting doLoginTest  ****
16:46:14.001 [main] DEBUG tests.InternshipPosting - capturing application debug logs....
16:46:14.002 [main] INFO  tests.InternshipPosting - **** Starting doLoginTest  ****
16:46:14.002 [main] DEBUG tests.InternshipPosting - capturing application debug logs....
16:46:44.350 [main] INFO  tests.InternshipPosting - clicked on Login link on the home page..
16:46:44.351 [main] INFO  tests.InternshipPosting - **** Finished doLoginTest  ****
